<?xml version="1.0" encoding="UTF-8"?>
<!-- Generated by org.testng.reporters.JUnitReportReporter -->
<testsuite hostname="Lakhan" failures="0" tests="1" name="TestLogin.Login2Naukari" time="19.654" errors="0" timestamp="2023-01-03T19:54:26 IST" skipped="0">
  <testcase classname="TestLogin.Login2Naukari" name="Login2app" time="19.654"/>
  <system-out/>
</testsuite> <!-- TestLogin.Login2Naukari -->
