<?xml version="1.0" encoding="UTF-8"?>
<!-- Generated by org.testng.reporters.JUnitReportReporter -->
<testsuite hostname="Lakhan" failures="0" tests="2" name="TestLogin.Login2Naukari" time="65.643" errors="0" timestamp="2025-09-08T10:26:17 IST" skipped="0">
  <testcase classname="TestLogin.Login2Naukari" name="Login2app_lakhan" time="32.093"/>
  <system-out/>
  <testcase classname="TestLogin.Login2Naukari" name="Login2app_apurva" time="33.550"/>
  <system-out/>
</testsuite> <!-- TestLogin.Login2Naukari -->
